
--- Erros Sintáticos ---
Erro de sintaxe: Esperado ID, encontrado TIPO
Erro de sintaxe: Esperado PONTO_VIRGULA, encontrado ABRE_PAREN
Erro de sintaxe: Esperado ID, encontrado TIPO
Erro de sintaxe: Esperado PONTO_VIRGULA, encontrado FECHA_PAREN
Erro de sintaxe: Esperado NUMERO, ID, STRING, ABRE_PAREN ou '!', encontrado TIPO
Erro de sintaxe: Token inesperado '{' (ABRE_CHAVE) no início de uma declaração ou comando. Tentando recuperar...
Erro de sintaxe: Token inesperado '}' (FECHA_CHAVE) no início de uma declaração ou comando. Tentando recuperar...
Erro de sintaxe: Esperado ID, encontrado TIPO
Erro de sintaxe: Esperado PONTO_VIRGULA, encontrado ABRE_PAREN
Erro de sintaxe: Esperado NUMERO, ID, STRING, ABRE_PAREN ou '!', encontrado TIPO
Erro de sintaxe: Token inesperado '{' (ABRE_CHAVE) no início de uma declaração ou comando. Tentando recuperar...
Erro de sintaxe: Token inesperado '}' (FECHA_CHAVE) no início de uma declaração ou comando. Tentando recuperar...
Erro de sintaxe: Esperado ID, encontrado TIPO
Erro de sintaxe: Esperado PONTO_VIRGULA, encontrado ABRE_PAREN
Erro de sintaxe: Esperado NUMERO, ID, STRING, ABRE_PAREN ou '!', encontrado TIPO
Erro de sintaxe: Token inesperado '{' (ABRE_CHAVE) no início de uma declaração ou comando. Tentando recuperar...
Erro de sintaxe: Token inesperado '}' (FECHA_CHAVE) no início de uma declaração ou comando. Tentando recuperar...
Erro de sintaxe: Esperado ID, encontrado TIPO
Erro de sintaxe: Esperado PONTO_VIRGULA, encontrado ABRE_PAREN
Erro de sintaxe: Esperado ID, encontrado TIPO
Erro de sintaxe: Esperado PONTO_VIRGULA, encontrado FECHA_PAREN
Erro de sintaxe: Esperado NUMERO, ID, STRING, ABRE_PAREN ou '!', encontrado TIPO
Erro de sintaxe: Token inesperado '{' (ABRE_CHAVE) no início de uma declaração ou comando. Tentando recuperar...
Erro de sintaxe: Token inesperado '}' (FECHA_CHAVE) no início de uma declaração ou comando. Tentando recuperar...
Erro de sintaxe: Esperado ID, encontrado TIPO
Erro de sintaxe: Esperado PONTO_VIRGULA, encontrado ABRE_PAREN
Erro de sintaxe: Esperado NUMERO, ID, STRING, ABRE_PAREN ou '!', encontrado TIPO
Erro de sintaxe: Token inesperado '{' (ABRE_CHAVE) no início de uma declaração ou comando. Tentando recuperar...
Erro de sintaxe: Token inesperado '}' (FECHA_CHAVE) no início de uma declaração ou comando. Tentando recuperar...
Erro de sintaxe: Esperado ID, encontrado TIPO
Erro de sintaxe: Esperado PONTO_VIRGULA, encontrado ABRE_PAREN
Erro de sintaxe: Esperado NUMERO, ID, STRING, ABRE_PAREN ou '!', encontrado TIPO
Erro de sintaxe: Token inesperado '{' (ABRE_CHAVE) no início de uma declaração ou comando. Tentando recuperar...
Erro de sintaxe: Token inesperado '}' (FECHA_CHAVE) no início de uma declaração ou comando. Tentando recuperar...
Erro de sintaxe: Esperado PONTO_VIRGULA, encontrado IGUAL
